mode: set
github.com/zokypesch/ceria/helper/config.go:19.41,20.16 1 1
github.com/zokypesch/ceria/helper/config.go:23.2,23.12 1 1
github.com/zokypesch/ceria/helper/config.go:20.16,22.3 1 1
github.com/zokypesch/ceria/helper/config.go:27.56,30.16 2 1
github.com/zokypesch/ceria/helper/config.go:34.2,36.16 2 1
github.com/zokypesch/ceria/helper/config.go:40.2,40.30 1 1
github.com/zokypesch/ceria/helper/config.go:30.16,32.3 1 1
github.com/zokypesch/ceria/helper/config.go:36.16,39.3 2 1
github.com/zokypesch/ceria/helper/config.go:44.37,52.16 6 1
github.com/zokypesch/ceria/helper/config.go:55.2,59.12 4 1
github.com/zokypesch/ceria/helper/config.go:52.16,54.3 1 0
github.com/zokypesch/ceria/helper/http.go:22.41,24.2 1 1
github.com/zokypesch/ceria/helper/http.go:32.9,40.26 3 1
github.com/zokypesch/ceria/helper/http.go:44.2,44.12 1 1
github.com/zokypesch/ceria/helper/http.go:40.26,42.3 1 1
github.com/zokypesch/ceria/helper/http.go:53.30,55.32 1 1
github.com/zokypesch/ceria/helper/http.go:59.2,63.27 3 1
github.com/zokypesch/ceria/helper/http.go:67.2,69.10 3 1
github.com/zokypesch/ceria/helper/http.go:55.32,57.3 1 1
github.com/zokypesch/ceria/helper/http.go:63.27,65.3 1 0
github.com/zokypesch/ceria/helper/http.go:80.3,90.2 1 1
github.com/zokypesch/ceria/helper/http.go:93.81,95.2 1 1
github.com/zokypesch/ceria/helper/http.go:98.94,100.2 1 1
github.com/zokypesch/ceria/helper/http.go:103.81,105.2 1 1
github.com/zokypesch/ceria/helper/http.go:108.119,120.2 1 1
github.com/zokypesch/ceria/Wrapper.go:35.21,37.18 1 1
github.com/zokypesch/ceria/Wrapper.go:41.2,42.23 2 1
github.com/zokypesch/ceria/Wrapper.go:46.2,48.18 2 1
github.com/zokypesch/ceria/Wrapper.go:52.2,56.50 3 1
github.com/zokypesch/ceria/Wrapper.go:61.2,61.20 1 1
github.com/zokypesch/ceria/Wrapper.go:66.2,68.16 2 1
github.com/zokypesch/ceria/Wrapper.go:37.18,39.3 1 1
github.com/zokypesch/ceria/Wrapper.go:42.23,44.3 1 0
github.com/zokypesch/ceria/Wrapper.go:48.18,50.3 1 1
github.com/zokypesch/ceria/Wrapper.go:56.50,59.3 2 1
github.com/zokypesch/ceria/Wrapper.go:61.20,64.3 2 1
github.com/zokypesch/ceria/route/route.go:26.68,27.27 1 1
github.com/zokypesch/ceria/route/route.go:34.2,34.12 1 1
github.com/zokypesch/ceria/route/route.go:27.27,32.3 1 1
github.com/zokypesch/ceria/route/route.go:39.52,40.19 1 1
github.com/zokypesch/ceria/route/route.go:44.2,44.12 1 1
github.com/zokypesch/ceria/route/route.go:40.19,43.3 2 1
github.com/zokypesch/ceria/route/route.go:48.71,52.20 3 1
github.com/zokypesch/ceria/route/route.go:56.2,56.19 1 1
github.com/zokypesch/ceria/route/route.go:60.2,60.22 1 1
github.com/zokypesch/ceria/route/route.go:64.2,68.18 4 1
github.com/zokypesch/ceria/route/route.go:72.2,72.26 1 1
github.com/zokypesch/ceria/route/route.go:52.20,54.3 1 1
github.com/zokypesch/ceria/route/route.go:56.19,58.3 1 1
github.com/zokypesch/ceria/route/route.go:60.22,62.3 1 1
github.com/zokypesch/ceria/route/route.go:68.18,70.3 1 1
github.com/zokypesch/ceria/util/ConverterToMap.go:16.44,17.17 1 1
github.com/zokypesch/ceria/util/ConverterToMap.go:21.2,21.13 1 1
github.com/zokypesch/ceria/util/ConverterToMap.go:17.17,19.3 1 0
github.com/zokypesch/ceria/util/ConverterToMap.go:25.107,27.30 2 1
github.com/zokypesch/ceria/util/ConverterToMap.go:34.2,34.15 1 1
github.com/zokypesch/ceria/util/ConverterToMap.go:27.30,33.3 3 1
github.com/zokypesch/ceria/util/ConverterToMap.go:38.97,41.38 2 1
github.com/zokypesch/ceria/util/ConverterToMap.go:82.2,82.16 1 1
github.com/zokypesch/ceria/util/ConverterToMap.go:42.34,45.50 2 1
github.com/zokypesch/ceria/util/ConverterToMap.go:51.3,51.32 1 1
github.com/zokypesch/ceria/util/ConverterToMap.go:45.50,47.4 1 0
github.com/zokypesch/ceria/util/ConverterToMap.go:47.9,47.59 1 1
github.com/zokypesch/ceria/util/ConverterToMap.go:47.59,49.4 1 1
github.com/zokypesch/ceria/util/ConverterToMap.go:51.32,79.4 3 1
github.com/zokypesch/ceria/util/ConverterToMap.go:86.75,94.8 4 1
github.com/zokypesch/ceria/util/ConverterToMap.go:100.2,100.18 1 1
github.com/zokypesch/ceria/util/ConverterToMap.go:131.2,131.13 1 1
github.com/zokypesch/ceria/util/ConverterToMap.go:94.8,96.3 1 1
github.com/zokypesch/ceria/util/ConverterToMap.go:96.8,98.3 1 1
github.com/zokypesch/ceria/util/ConverterToMap.go:101.14,102.20 1 1
github.com/zokypesch/ceria/util/ConverterToMap.go:103.25,104.31 1 1
github.com/zokypesch/ceria/util/ConverterToMap.go:105.12,108.41 3 1
github.com/zokypesch/ceria/util/ConverterToMap.go:109.17,111.23 2 1
github.com/zokypesch/ceria/util/ConverterToMap.go:112.18,114.18 2 0
github.com/zokypesch/ceria/util/ConverterToMap.go:119.10,120.49 1 1
github.com/zokypesch/ceria/util/ConverterToMap.go:124.3,124.50 1 1
github.com/zokypesch/ceria/util/ConverterToMap.go:128.3,128.36 1 1
github.com/zokypesch/ceria/util/ConverterToMap.go:114.18,116.4 1 0
github.com/zokypesch/ceria/util/ConverterToMap.go:116.9,116.25 1 0
github.com/zokypesch/ceria/util/ConverterToMap.go:116.25,118.4 1 0
github.com/zokypesch/ceria/util/ConverterToMap.go:120.49,123.4 2 1
github.com/zokypesch/ceria/util/ConverterToMap.go:124.50,126.4 1 0
github.com/zokypesch/ceria/util/ConverterToMap.go:135.86,140.40 3 1
github.com/zokypesch/ceria/util/ConverterToMap.go:144.2,144.13 1 1
github.com/zokypesch/ceria/util/ConverterToMap.go:140.40,142.3 1 1
github.com/zokypesch/ceria/util/ConverterToMap.go:149.99,154.43 3 1
github.com/zokypesch/ceria/util/ConverterToMap.go:168.2,170.40 2 1
github.com/zokypesch/ceria/util/ConverterToMap.go:214.2,214.12 1 1
github.com/zokypesch/ceria/util/ConverterToMap.go:155.19,156.44 1 1
github.com/zokypesch/ceria/util/ConverterToMap.go:157.22,158.37 1 1
github.com/zokypesch/ceria/util/ConverterToMap.go:161.10,162.13 1 1
github.com/zokypesch/ceria/util/ConverterToMap.go:170.40,175.28 3 1
github.com/zokypesch/ceria/util/ConverterToMap.go:176.36,180.57 1 1
github.com/zokypesch/ceria/util/ConverterToMap.go:181.22,184.42 2 1
github.com/zokypesch/ceria/util/ConverterToMap.go:195.4,195.29 1 1
github.com/zokypesch/ceria/util/ConverterToMap.go:196.20,198.43 2 1
github.com/zokypesch/ceria/util/ConverterToMap.go:202.4,202.27 1 1
github.com/zokypesch/ceria/util/ConverterToMap.go:203.11,204.33 1 1
github.com/zokypesch/ceria/util/ConverterToMap.go:184.42,187.36 2 1
github.com/zokypesch/ceria/util/ConverterToMap.go:192.5,192.47 1 1
github.com/zokypesch/ceria/util/ConverterToMap.go:187.36,189.14 2 1
github.com/zokypesch/ceria/util/ConverterToMap.go:198.43,201.5 2 1
github.com/zokypesch/ceria/util/ConverterToMap.go:204.33,206.5 1 1
github.com/zokypesch/ceria/util/ConverterToMap.go:206.10,208.5 1 1
github.com/zokypesch/ceria/util/ConverterToMap.go:218.78,221.103 2 1
github.com/zokypesch/ceria/util/ConverterToMap.go:225.2,226.31 2 1
github.com/zokypesch/ceria/util/ConverterToMap.go:232.2,232.34 1 1
github.com/zokypesch/ceria/util/ConverterToMap.go:237.2,239.38 2 1
github.com/zokypesch/ceria/util/ConverterToMap.go:252.2,252.15 1 1
github.com/zokypesch/ceria/util/ConverterToMap.go:221.103,223.3 1 1
github.com/zokypesch/ceria/util/ConverterToMap.go:226.31,229.3 2 1
github.com/zokypesch/ceria/util/ConverterToMap.go:232.34,234.3 1 1
github.com/zokypesch/ceria/util/ConverterToMap.go:239.38,244.19 4 1
github.com/zokypesch/ceria/util/ConverterToMap.go:244.19,247.4 1 1
github.com/zokypesch/ceria/util/ConverterToMap.go:247.9,249.4 1 0
github.com/zokypesch/ceria/util/ConverterToMap.go:256.100,263.31 5 1
github.com/zokypesch/ceria/util/ConverterToMap.go:267.2,268.34 2 1
github.com/zokypesch/ceria/util/ConverterToMap.go:273.2,273.16 1 1
github.com/zokypesch/ceria/util/ConverterToMap.go:263.31,265.3 1 1
github.com/zokypesch/ceria/util/ConverterToMap.go:268.34,271.3 2 1
github.com/zokypesch/ceria/util/ConverterToMap.go:277.75,286.51 4 1
github.com/zokypesch/ceria/util/ConverterToMap.go:293.2,301.22 4 1
github.com/zokypesch/ceria/util/ConverterToMap.go:286.51,288.3 1 1
github.com/zokypesch/ceria/util/ConverterToMap.go:305.78,310.49 3 1
github.com/zokypesch/ceria/util/ConverterToMap.go:314.2,317.13 3 1
github.com/zokypesch/ceria/util/ConverterToMap.go:328.2,328.37 1 1
github.com/zokypesch/ceria/util/ConverterToMap.go:345.2,347.18 2 1
github.com/zokypesch/ceria/util/ConverterToMap.go:351.2,351.12 1 1
github.com/zokypesch/ceria/util/ConverterToMap.go:310.49,312.3 1 0
github.com/zokypesch/ceria/util/ConverterToMap.go:318.19,320.38 2 1
github.com/zokypesch/ceria/util/ConverterToMap.go:321.22,323.31 2 1
github.com/zokypesch/ceria/util/ConverterToMap.go:328.37,334.54 4 1
github.com/zokypesch/ceria/util/ConverterToMap.go:334.54,341.4 2 1
github.com/zokypesch/ceria/util/ConverterToMap.go:347.18,349.3 1 1
github.com/zokypesch/ceria/util/General.go:20.40,21.20 1 1
github.com/zokypesch/ceria/util/General.go:24.2,24.16 1 1
github.com/zokypesch/ceria/util/General.go:21.20,23.3 1 1
github.com/zokypesch/ceria/util/General.go:28.96,33.54 3 1
github.com/zokypesch/ceria/util/General.go:37.2,37.38 1 1
github.com/zokypesch/ceria/util/General.go:50.2,50.8 1 1
github.com/zokypesch/ceria/util/General.go:33.54,35.3 1 1
github.com/zokypesch/ceria/util/General.go:38.21,41.32 2 1
github.com/zokypesch/ceria/util/General.go:41.32,42.62 1 1
github.com/zokypesch/ceria/util/General.go:42.62,46.5 3 1
github.com/zokypesch/ceria/util/StructValue.go:19.43,20.19 1 1
github.com/zokypesch/ceria/util/StructValue.go:23.2,23.15 1 1
github.com/zokypesch/ceria/util/StructValue.go:20.19,22.3 1 1
github.com/zokypesch/ceria/util/StructValue.go:27.63,33.17 4 1
github.com/zokypesch/ceria/util/StructValue.go:45.2,45.35 1 1
github.com/zokypesch/ceria/util/StructValue.go:49.2,49.40 1 1
github.com/zokypesch/ceria/util/StructValue.go:34.22,36.29 2 0
github.com/zokypesch/ceria/util/StructValue.go:38.19,40.36 2 1
github.com/zokypesch/ceria/util/StructValue.go:41.10,42.9 1 1
github.com/zokypesch/ceria/util/StructValue.go:45.35,47.3 1 0
github.com/zokypesch/ceria/util/StructValue.go:49.40,54.28 4 1
github.com/zokypesch/ceria/util/StructValue.go:55.20,58.55 3 1
github.com/zokypesch/ceria/util/StructValue.go:62.23,65.59 3 1
github.com/zokypesch/ceria/util/StructValue.go:58.55,61.5 2 1
github.com/zokypesch/ceria/util/StructValue.go:65.59,67.5 1 1
github.com/zokypesch/ceria/util/StructValue.go:74.64,78.20 3 1
github.com/zokypesch/ceria/util/StructValue.go:85.2,85.19 1 1
github.com/zokypesch/ceria/util/StructValue.go:79.22,80.26 1 0
github.com/zokypesch/ceria/util/StructValue.go:81.19,82.33 1 1
github.com/zokypesch/ceria/util/StructValue.go:89.65,95.24 4 1
github.com/zokypesch/ceria/util/StructValue.go:99.2,101.17 2 1
github.com/zokypesch/ceria/util/StructValue.go:95.24,97.3 1 1
github.com/zokypesch/ceria/util/Validator.go:21.46,26.2 2 1
github.com/zokypesch/ceria/util/Validator.go:29.55,34.2 1 1
github.com/zokypesch/ceria/core/Conn.go:26.53,34.2 3 1
github.com/zokypesch/ceria/core/Conn.go:37.101,46.2 1 1
github.com/zokypesch/ceria/core/Elastic.go:25.87,30.16 4 1
github.com/zokypesch/ceria/core/Elastic.go:34.2,38.8 1 1
github.com/zokypesch/ceria/core/Elastic.go:30.16,32.3 1 1
github.com/zokypesch/ceria/core/Elastic.go:42.91,47.76 3 1
github.com/zokypesch/ceria/core/Elastic.go:51.2,53.16 2 1
github.com/zokypesch/ceria/core/Elastic.go:57.2,58.16 2 1
github.com/zokypesch/ceria/core/Elastic.go:63.2,63.13 1 1
github.com/zokypesch/ceria/core/Elastic.go:74.2,74.20 1 1
github.com/zokypesch/ceria/core/Elastic.go:47.76,49.3 1 1
github.com/zokypesch/ceria/core/Elastic.go:53.16,55.3 1 1
github.com/zokypesch/ceria/core/Elastic.go:58.16,61.3 1 0
github.com/zokypesch/ceria/core/Elastic.go:63.13,72.3 1 1
github.com/zokypesch/ceria/core/Elastic.go:78.84,82.32 2 1
github.com/zokypesch/ceria/core/Elastic.go:86.2,94.16 2 1
github.com/zokypesch/ceria/core/Elastic.go:99.2,99.12 1 1
github.com/zokypesch/ceria/core/Elastic.go:82.32,84.3 1 1
github.com/zokypesch/ceria/core/Elastic.go:94.16,97.3 1 0
github.com/zokypesch/ceria/core/Elastic.go:104.85,107.32 2 1
github.com/zokypesch/ceria/core/Elastic.go:111.2,119.16 2 1
github.com/zokypesch/ceria/core/Elastic.go:124.2,124.12 1 1
github.com/zokypesch/ceria/core/Elastic.go:107.32,109.3 1 1
github.com/zokypesch/ceria/core/Elastic.go:119.16,122.3 1 0
github.com/zokypesch/ceria/core/Elastic.go:128.65,130.14 1 1
github.com/zokypesch/ceria/core/Elastic.go:134.2,136.12 2 1
github.com/zokypesch/ceria/core/Elastic.go:130.14,132.3 1 1
github.com/zokypesch/ceria/core/Elastic.go:141.53,145.16 2 1
github.com/zokypesch/ceria/core/Elastic.go:150.2,150.12 1 1
github.com/zokypesch/ceria/core/Elastic.go:145.16,148.3 1 1
github.com/zokypesch/ceria/core/Rabbit.go:33.72,38.16 3 1
github.com/zokypesch/ceria/core/Rabbit.go:42.2,44.20 3 1
github.com/zokypesch/ceria/core/Rabbit.go:48.2,49.20 2 1
github.com/zokypesch/ceria/core/Rabbit.go:53.2,62.21 2 1
github.com/zokypesch/ceria/core/Rabbit.go:66.2,71.8 1 1
github.com/zokypesch/ceria/core/Rabbit.go:38.16,40.3 1 1
github.com/zokypesch/ceria/core/Rabbit.go:44.20,46.3 1 0
github.com/zokypesch/ceria/core/Rabbit.go:49.20,51.3 1 0
github.com/zokypesch/ceria/core/Rabbit.go:62.21,64.3 1 0
github.com/zokypesch/ceria/core/Rabbit.go:75.72,83.16 2 1
github.com/zokypesch/ceria/core/Rabbit.go:87.2,96.22 2 1
github.com/zokypesch/ceria/core/Rabbit.go:100.2,100.18 1 1
github.com/zokypesch/ceria/core/Rabbit.go:83.16,85.3 1 0
github.com/zokypesch/ceria/core/Rabbit.go:96.22,98.3 1 0
github.com/zokypesch/ceria/core/Rabbit.go:104.60,106.16 1 1
github.com/zokypesch/ceria/core/Rabbit.go:110.2,121.12 2 1
github.com/zokypesch/ceria/core/Rabbit.go:106.16,108.3 1 1
github.com/zokypesch/ceria/core/Redis.go:25.72,26.22 1 1
github.com/zokypesch/ceria/core/Redis.go:36.2,36.23 1 1
github.com/zokypesch/ceria/core/Redis.go:26.22,28.17 2 1
github.com/zokypesch/ceria/core/Redis.go:32.3,34.4 1 1
github.com/zokypesch/ceria/core/Redis.go:28.17,30.4 1 1
github.com/zokypesch/ceria/core/Redis.go:40.99,42.48 1 1
github.com/zokypesch/ceria/core/Redis.go:46.2,48.21 2 1
github.com/zokypesch/ceria/core/Redis.go:51.2,51.12 1 1
github.com/zokypesch/ceria/core/Redis.go:42.48,44.3 1 1
github.com/zokypesch/ceria/core/Redis.go:48.21,50.3 1 0
github.com/zokypesch/ceria/core/Redis.go:55.68,57.28 1 1
github.com/zokypesch/ceria/core/Redis.go:61.2,63.21 2 1
github.com/zokypesch/ceria/core/Redis.go:66.2,66.12 1 1
github.com/zokypesch/ceria/core/Redis.go:57.28,59.3 1 1
github.com/zokypesch/ceria/core/Redis.go:63.21,65.3 1 0
github.com/zokypesch/ceria/core/Redis.go:70.89,72.43 1 1
github.com/zokypesch/ceria/core/Redis.go:76.2,79.18 2 1
github.com/zokypesch/ceria/core/Redis.go:72.43,74.3 1 1
github.com/zokypesch/ceria/core/Redis.go:83.89,89.2 2 1
github.com/zokypesch/ceria/core/TestConn.go:11.35,20.2 4 1
github.com/zokypesch/ceria/core/TestConn.go:23.37,31.2 4 1
github.com/zokypesch/ceria/repository/MasterModelRepository.go:56.99,64.15 4 1
github.com/zokypesch/ceria/repository/MasterModelRepository.go:68.2,68.29 1 1
github.com/zokypesch/ceria/repository/MasterModelRepository.go:72.2,80.3 2 1
github.com/zokypesch/ceria/repository/MasterModelRepository.go:64.15,66.3 1 1
github.com/zokypesch/ceria/repository/MasterModelRepository.go:68.29,70.3 1 1
github.com/zokypesch/ceria/repository/MasterModelRepository.go:84.101,96.51 8 1
github.com/zokypesch/ceria/repository/MasterModelRepository.go:100.2,100.26 1 1
github.com/zokypesch/ceria/repository/MasterModelRepository.go:109.2,111.27 2 1
github.com/zokypesch/ceria/repository/MasterModelRepository.go:96.51,98.3 1 1
github.com/zokypesch/ceria/repository/MasterModelRepository.go:100.26,105.3 3 1
github.com/zokypesch/ceria/repository/MasterModelRepository.go:105.8,107.3 1 1
github.com/zokypesch/ceria/repository/MasterModelRepository.go:115.85,124.16 5 1
github.com/zokypesch/ceria/repository/MasterModelRepository.go:129.2,136.8 6 1
github.com/zokypesch/ceria/repository/MasterModelRepository.go:140.2,143.25 3 1
github.com/zokypesch/ceria/repository/MasterModelRepository.go:147.2,148.18 2 1
github.com/zokypesch/ceria/repository/MasterModelRepository.go:157.2,157.35 1 1
github.com/zokypesch/ceria/repository/MasterModelRepository.go:161.2,161.24 1 1
github.com/zokypesch/ceria/repository/MasterModelRepository.go:124.16,126.3 1 1
github.com/zokypesch/ceria/repository/MasterModelRepository.go:136.8,139.3 2 1
github.com/zokypesch/ceria/repository/MasterModelRepository.go:143.25,145.3 1 1
github.com/zokypesch/ceria/repository/MasterModelRepository.go:148.18,149.49 1 1
github.com/zokypesch/ceria/repository/MasterModelRepository.go:153.3,154.25 2 1
github.com/zokypesch/ceria/repository/MasterModelRepository.go:149.49,151.4 1 1
github.com/zokypesch/ceria/repository/MasterModelRepository.go:157.35,159.3 1 0
github.com/zokypesch/ceria/repository/MasterModelRepository.go:166.75,177.126 9 1
github.com/zokypesch/ceria/repository/MasterModelRepository.go:183.2,183.31 1 1
github.com/zokypesch/ceria/repository/MasterModelRepository.go:187.2,190.16 3 1
github.com/zokypesch/ceria/repository/MasterModelRepository.go:194.2,198.94 3 1
github.com/zokypesch/ceria/repository/MasterModelRepository.go:202.2,206.35 3 1
github.com/zokypesch/ceria/repository/MasterModelRepository.go:210.2,211.36 2 1
github.com/zokypesch/ceria/repository/MasterModelRepository.go:216.2,216.22 1 1
github.com/zokypesch/ceria/repository/MasterModelRepository.go:220.2,220.21 1 1
github.com/zokypesch/ceria/repository/MasterModelRepository.go:177.126,181.3 2 1
github.com/zokypesch/ceria/repository/MasterModelRepository.go:183.31,185.3 1 1
github.com/zokypesch/ceria/repository/MasterModelRepository.go:190.16,192.3 1 1
github.com/zokypesch/ceria/repository/MasterModelRepository.go:198.94,200.3 1 0
github.com/zokypesch/ceria/repository/MasterModelRepository.go:206.35,208.3 1 0
github.com/zokypesch/ceria/repository/MasterModelRepository.go:211.36,213.3 1 1
github.com/zokypesch/ceria/repository/MasterModelRepository.go:216.22,218.3 1 1
github.com/zokypesch/ceria/repository/MasterModelRepository.go:224.107,225.43 1 1
github.com/zokypesch/ceria/repository/MasterModelRepository.go:229.2,238.41 6 1
github.com/zokypesch/ceria/repository/MasterModelRepository.go:254.2,254.23 1 1
github.com/zokypesch/ceria/repository/MasterModelRepository.go:258.2,258.17 1 1
github.com/zokypesch/ceria/repository/MasterModelRepository.go:225.43,227.3 1 1
github.com/zokypesch/ceria/repository/MasterModelRepository.go:238.41,242.41 3 1
github.com/zokypesch/ceria/repository/MasterModelRepository.go:242.41,251.4 5 1
github.com/zokypesch/ceria/repository/MasterModelRepository.go:254.23,256.3 1 1
github.com/zokypesch/ceria/repository/MasterModelRepository.go:262.80,266.38 3 1
github.com/zokypesch/ceria/repository/MasterModelRepository.go:318.2,318.17 1 1
github.com/zokypesch/ceria/repository/MasterModelRepository.go:267.34,270.50 2 1
github.com/zokypesch/ceria/repository/MasterModelRepository.go:276.3,277.16 2 1
github.com/zokypesch/ceria/repository/MasterModelRepository.go:283.3,285.32 2 1
github.com/zokypesch/ceria/repository/MasterModelRepository.go:305.3,305.19 1 1
github.com/zokypesch/ceria/repository/MasterModelRepository.go:308.3,310.17 2 1
github.com/zokypesch/ceria/repository/MasterModelRepository.go:312.10,315.4 1 0
github.com/zokypesch/ceria/repository/MasterModelRepository.go:270.50,272.4 1 1
github.com/zokypesch/ceria/repository/MasterModelRepository.go:272.9,272.59 1 1
github.com/zokypesch/ceria/repository/MasterModelRepository.go:272.59,274.4 1 1
github.com/zokypesch/ceria/repository/MasterModelRepository.go:277.16,278.32 1 1
github.com/zokypesch/ceria/repository/MasterModelRepository.go:278.32,280.5 1 0
github.com/zokypesch/ceria/repository/MasterModelRepository.go:285.32,289.35 3 1
github.com/zokypesch/ceria/repository/MasterModelRepository.go:297.4,298.14 2 1
github.com/zokypesch/ceria/repository/MasterModelRepository.go:301.4,301.17 1 1
github.com/zokypesch/ceria/repository/MasterModelRepository.go:289.35,294.5 3 1
github.com/zokypesch/ceria/repository/MasterModelRepository.go:298.14,300.5 1 1
github.com/zokypesch/ceria/repository/MasterModelRepository.go:301.17,303.5 1 1
github.com/zokypesch/ceria/repository/MasterModelRepository.go:305.19,307.4 1 1
github.com/zokypesch/ceria/repository/MasterModelRepository.go:322.78,324.25 1 1
github.com/zokypesch/ceria/repository/MasterModelRepository.go:328.2,330.21 2 1
github.com/zokypesch/ceria/repository/MasterModelRepository.go:334.2,344.43 7 1
github.com/zokypesch/ceria/repository/MasterModelRepository.go:362.2,362.23 1 1
github.com/zokypesch/ceria/repository/MasterModelRepository.go:366.2,366.19 1 1
github.com/zokypesch/ceria/repository/MasterModelRepository.go:324.25,326.3 1 1
github.com/zokypesch/ceria/repository/MasterModelRepository.go:330.21,332.3 1 1
github.com/zokypesch/ceria/repository/MasterModelRepository.go:344.43,346.41 2 1
github.com/zokypesch/ceria/repository/MasterModelRepository.go:346.41,359.4 5 1
github.com/zokypesch/ceria/repository/MasterModelRepository.go:362.23,364.3 1 0
github.com/zokypesch/ceria/repository/MasterModelRepository.go:370.86,374.25 2 1
github.com/zokypesch/ceria/repository/MasterModelRepository.go:379.2,381.15 3 1
github.com/zokypesch/ceria/repository/MasterModelRepository.go:387.2,387.30 1 1
github.com/zokypesch/ceria/repository/MasterModelRepository.go:394.2,394.18 1 1
github.com/zokypesch/ceria/repository/MasterModelRepository.go:398.2,400.12 3 1
github.com/zokypesch/ceria/repository/MasterModelRepository.go:374.25,377.3 2 1
github.com/zokypesch/ceria/repository/MasterModelRepository.go:381.15,382.31 1 1
github.com/zokypesch/ceria/repository/MasterModelRepository.go:382.31,384.4 1 0
github.com/zokypesch/ceria/repository/MasterModelRepository.go:387.30,389.16 2 1
github.com/zokypesch/ceria/repository/MasterModelRepository.go:389.16,391.4 1 1
github.com/zokypesch/ceria/repository/MasterModelRepository.go:394.18,396.3 1 1
github.com/zokypesch/ceria/repository/MasterModelRepository.go:404.109,408.20 2 1
github.com/zokypesch/ceria/repository/MasterModelRepository.go:412.2,419.22 5 1
github.com/zokypesch/ceria/repository/MasterModelRepository.go:408.20,410.3 1 1
github.com/zokypesch/ceria/repository/MasterModelRepository.go:423.83,425.27 2 1
github.com/zokypesch/ceria/repository/MasterModelRepository.go:428.2,428.14 1 1
github.com/zokypesch/ceria/repository/MasterModelRepository.go:425.27,427.3 1 1
github.com/zokypesch/ceria/repository/MasterModelRepository.go:432.110,438.22 5 1
github.com/zokypesch/ceria/repository/MasterModelRepository.go:442.2,442.27 1 1
github.com/zokypesch/ceria/repository/MasterModelRepository.go:471.2,471.27 1 1
github.com/zokypesch/ceria/repository/MasterModelRepository.go:477.2,477.23 1 1
github.com/zokypesch/ceria/repository/MasterModelRepository.go:438.22,440.3 1 1
github.com/zokypesch/ceria/repository/MasterModelRepository.go:442.27,449.13 5 1
github.com/zokypesch/ceria/repository/MasterModelRepository.go:452.3,455.12 3 1
github.com/zokypesch/ceria/repository/MasterModelRepository.go:461.3,463.22 2 1
github.com/zokypesch/ceria/repository/MasterModelRepository.go:449.13,450.12 1 1
github.com/zokypesch/ceria/repository/MasterModelRepository.go:455.12,458.12 3 1
github.com/zokypesch/ceria/repository/MasterModelRepository.go:463.22,465.4 1 1
github.com/zokypesch/ceria/repository/MasterModelRepository.go:465.9,465.32 1 1
github.com/zokypesch/ceria/repository/MasterModelRepository.go:465.32,467.4 1 1
github.com/zokypesch/ceria/repository/MasterModelRepository.go:471.27,473.3 1 1
github.com/zokypesch/ceria/repository/MasterModelRepository.go:473.8,475.3 1 1
github.com/zokypesch/ceria/repository/MasterModelRepository.go:481.69,484.35 2 1
github.com/zokypesch/ceria/repository/MasterModelRepository.go:492.2,492.12 1 1
github.com/zokypesch/ceria/repository/MasterModelRepository.go:485.15,486.12 1 1
github.com/zokypesch/ceria/repository/MasterModelRepository.go:487.14,488.15 1 1
github.com/zokypesch/ceria/repository/MasterModelRepository.go:489.10,490.15 1 1
github.com/zokypesch/ceria/repository/RouteHandler.go:32.97,39.2 1 1
github.com/zokypesch/ceria/repository/RouteHandler.go:42.44,43.34 1 1
github.com/zokypesch/ceria/repository/RouteHandler.go:46.2,46.39 1 1
github.com/zokypesch/ceria/repository/RouteHandler.go:43.34,45.3 1 1
github.com/zokypesch/ceria/repository/RouteHandler.go:46.39,48.3 1 1
github.com/zokypesch/ceria/repository/RouteHandler.go:52.103,54.34 2 1
github.com/zokypesch/ceria/repository/RouteHandler.go:57.2,58.2 2 1
github.com/zokypesch/ceria/repository/RouteHandler.go:54.34,56.3 1 1
github.com/zokypesch/ceria/repository/RouteHandler.go:58.2,59.40 1 1
github.com/zokypesch/ceria/repository/RouteHandler.go:59.40,61.4 1 1
github.com/zokypesch/ceria/repository/RouteHandler.go:66.93,67.29 1 1
github.com/zokypesch/ceria/repository/RouteHandler.go:70.2,70.13 1 1
github.com/zokypesch/ceria/repository/RouteHandler.go:67.29,69.3 1 1
github.com/zokypesch/ceria/repository/RouteHandler.go:71.13,72.26 1 1
github.com/zokypesch/ceria/repository/RouteHandler.go:73.14,74.27 1 1
github.com/zokypesch/ceria/repository/RouteHandler.go:75.13,76.26 1 1
github.com/zokypesch/ceria/repository/RouteHandler.go:77.16,78.29 1 1
github.com/zokypesch/ceria/repository/RouteHandler.go:83.124,84.29 1 1
github.com/zokypesch/ceria/repository/RouteHandler.go:87.2,87.13 1 1
github.com/zokypesch/ceria/repository/RouteHandler.go:84.29,86.3 1 1
github.com/zokypesch/ceria/repository/RouteHandler.go:88.13,89.20 1 1
github.com/zokypesch/ceria/repository/RouteHandler.go:90.14,91.21 1 1
github.com/zokypesch/ceria/repository/RouteHandler.go:92.13,93.20 1 1
github.com/zokypesch/ceria/repository/RouteHandler.go:94.16,95.23 1 1
github.com/zokypesch/ceria/repository/RouteHandler.go:100.72,101.39 1 1
github.com/zokypesch/ceria/repository/RouteHandler.go:105.2,108.39 3 1
github.com/zokypesch/ceria/repository/RouteHandler.go:114.2,115.12 2 1
github.com/zokypesch/ceria/repository/RouteHandler.go:101.39,103.3 1 1
github.com/zokypesch/ceria/repository/RouteHandler.go:108.39,110.13 2 1
github.com/zokypesch/ceria/repository/RouteHandler.go:110.13,112.4 1 1
github.com/zokypesch/ceria/repository/RouteHandler.go:119.75,134.2 4 1
github.com/zokypesch/ceria/repository/RouteHandler.go:137.61,142.36 4 1
github.com/zokypesch/ceria/repository/RouteHandler.go:180.2,182.16 2 1
github.com/zokypesch/ceria/repository/RouteHandler.go:187.2,187.36 1 1
github.com/zokypesch/ceria/repository/RouteHandler.go:191.2,191.48 1 0
github.com/zokypesch/ceria/repository/RouteHandler.go:142.36,150.35 5 1
github.com/zokypesch/ceria/repository/RouteHandler.go:164.3,167.21 3 1
github.com/zokypesch/ceria/repository/RouteHandler.go:171.3,171.22 1 1
github.com/zokypesch/ceria/repository/RouteHandler.go:175.3,178.40 4 1
github.com/zokypesch/ceria/repository/RouteHandler.go:150.35,152.26 2 1
github.com/zokypesch/ceria/repository/RouteHandler.go:156.4,157.63 2 1
github.com/zokypesch/ceria/repository/RouteHandler.go:161.4,161.128 1 1
github.com/zokypesch/ceria/repository/RouteHandler.go:152.26,153.13 1 1
github.com/zokypesch/ceria/repository/RouteHandler.go:157.63,159.5 1 1
github.com/zokypesch/ceria/repository/RouteHandler.go:167.21,169.4 1 1
github.com/zokypesch/ceria/repository/RouteHandler.go:171.22,173.4 1 1
github.com/zokypesch/ceria/repository/RouteHandler.go:182.16,185.3 2 0
github.com/zokypesch/ceria/repository/RouteHandler.go:187.36,190.3 2 1
github.com/zokypesch/ceria/repository/RouteHandler.go:195.61,200.19 3 1
github.com/zokypesch/ceria/repository/RouteHandler.go:205.2,207.16 2 1
github.com/zokypesch/ceria/repository/RouteHandler.go:212.2,212.52 1 1
github.com/zokypesch/ceria/repository/RouteHandler.go:200.19,203.3 2 1
github.com/zokypesch/ceria/repository/RouteHandler.go:207.16,210.3 2 0
github.com/zokypesch/ceria/repository/RouteHandler.go:216.61,220.44 2 1
github.com/zokypesch/ceria/repository/RouteHandler.go:225.2,232.19 4 1
github.com/zokypesch/ceria/repository/RouteHandler.go:237.2,237.27 1 1
github.com/zokypesch/ceria/repository/RouteHandler.go:242.2,243.16 2 1
github.com/zokypesch/ceria/repository/RouteHandler.go:248.2,248.50 1 1
github.com/zokypesch/ceria/repository/RouteHandler.go:220.44,223.3 2 1
github.com/zokypesch/ceria/repository/RouteHandler.go:232.19,235.3 2 1
github.com/zokypesch/ceria/repository/RouteHandler.go:237.27,240.3 2 1
github.com/zokypesch/ceria/repository/RouteHandler.go:243.16,246.3 2 0
github.com/zokypesch/ceria/repository/RouteHandler.go:253.61,257.44 2 1
github.com/zokypesch/ceria/repository/RouteHandler.go:262.2,264.16 2 1
github.com/zokypesch/ceria/repository/RouteHandler.go:269.2,269.47 1 1
github.com/zokypesch/ceria/repository/RouteHandler.go:257.44,260.3 2 1
github.com/zokypesch/ceria/repository/RouteHandler.go:264.16,267.3 2 0
github.com/zokypesch/ceria/repository/RouteHandler.go:273.65,280.19 4 1
github.com/zokypesch/ceria/repository/RouteHandler.go:284.2,286.18 2 1
github.com/zokypesch/ceria/repository/RouteHandler.go:291.2,291.47 1 1
github.com/zokypesch/ceria/repository/RouteHandler.go:280.19,283.3 2 1
github.com/zokypesch/ceria/repository/RouteHandler.go:286.18,289.3 2 0
github.com/zokypesch/ceria/repository/RouteHandler.go:295.65,305.19 4 1
github.com/zokypesch/ceria/repository/RouteHandler.go:310.2,310.27 1 1
github.com/zokypesch/ceria/repository/RouteHandler.go:315.2,316.18 2 1
github.com/zokypesch/ceria/repository/RouteHandler.go:321.2,321.50 1 1
github.com/zokypesch/ceria/repository/RouteHandler.go:305.19,308.3 2 1
github.com/zokypesch/ceria/repository/RouteHandler.go:310.27,313.3 2 0
github.com/zokypesch/ceria/repository/RouteHandler.go:316.18,319.3 2 0
github.com/zokypesch/ceria/repository/RouteHandler.go:326.69,335.19 4 1
github.com/zokypesch/ceria/repository/RouteHandler.go:340.2,340.32 1 1
github.com/zokypesch/ceria/repository/RouteHandler.go:345.2,347.16 2 1
github.com/zokypesch/ceria/repository/RouteHandler.go:352.2,352.48 1 1
github.com/zokypesch/ceria/repository/RouteHandler.go:335.19,338.3 2 0
github.com/zokypesch/ceria/repository/RouteHandler.go:340.32,343.3 2 1
github.com/zokypesch/ceria/repository/RouteHandler.go:347.16,350.3 2 0
