mode: set
github.com/zokypesch/ceria/helper/config.go:19.41,20.16 1 1
github.com/zokypesch/ceria/helper/config.go:23.2,23.12 1 1
github.com/zokypesch/ceria/helper/config.go:20.16,22.3 1 1
github.com/zokypesch/ceria/helper/config.go:27.56,30.16 2 1
github.com/zokypesch/ceria/helper/config.go:34.2,36.16 2 1
github.com/zokypesch/ceria/helper/config.go:40.2,40.30 1 1
github.com/zokypesch/ceria/helper/config.go:30.16,32.3 1 1
github.com/zokypesch/ceria/helper/config.go:36.16,39.3 2 1
github.com/zokypesch/ceria/helper/config.go:44.37,52.16 6 1
github.com/zokypesch/ceria/helper/config.go:55.2,59.12 4 1
github.com/zokypesch/ceria/helper/config.go:52.16,54.3 1 0
github.com/zokypesch/ceria/helper/http.go:22.41,24.2 1 1
github.com/zokypesch/ceria/helper/http.go:32.9,40.26 3 1
github.com/zokypesch/ceria/helper/http.go:44.2,44.12 1 1
github.com/zokypesch/ceria/helper/http.go:40.26,42.3 1 1
github.com/zokypesch/ceria/helper/http.go:53.30,55.32 1 1
github.com/zokypesch/ceria/helper/http.go:59.2,63.27 3 1
github.com/zokypesch/ceria/helper/http.go:67.2,69.10 3 1
github.com/zokypesch/ceria/helper/http.go:55.32,57.3 1 1
github.com/zokypesch/ceria/helper/http.go:63.27,65.3 1 0
github.com/zokypesch/ceria/helper/http.go:80.3,90.2 1 1
github.com/zokypesch/ceria/helper/http.go:93.81,95.2 1 1
github.com/zokypesch/ceria/helper/http.go:98.94,100.2 1 1
github.com/zokypesch/ceria/helper/http.go:103.81,105.2 1 1
github.com/zokypesch/ceria/helper/http.go:108.119,120.2 1 1
github.com/zokypesch/ceria/Wrapper.go:35.21,37.18 1 1
github.com/zokypesch/ceria/Wrapper.go:41.2,42.23 2 1
github.com/zokypesch/ceria/Wrapper.go:46.2,48.18 2 1
github.com/zokypesch/ceria/Wrapper.go:52.2,56.50 3 1
github.com/zokypesch/ceria/Wrapper.go:61.2,61.20 1 1
github.com/zokypesch/ceria/Wrapper.go:66.2,68.16 2 1
github.com/zokypesch/ceria/Wrapper.go:37.18,39.3 1 1
github.com/zokypesch/ceria/Wrapper.go:42.23,44.3 1 0
github.com/zokypesch/ceria/Wrapper.go:48.18,50.3 1 1
github.com/zokypesch/ceria/Wrapper.go:56.50,59.3 2 1
github.com/zokypesch/ceria/Wrapper.go:61.20,64.3 2 1
github.com/zokypesch/ceria/util/ConverterToMap.go:16.44,17.17 1 1
github.com/zokypesch/ceria/util/ConverterToMap.go:21.2,21.13 1 1
github.com/zokypesch/ceria/util/ConverterToMap.go:17.17,19.3 1 0
github.com/zokypesch/ceria/util/ConverterToMap.go:25.107,27.30 2 1
github.com/zokypesch/ceria/util/ConverterToMap.go:34.2,34.15 1 1
github.com/zokypesch/ceria/util/ConverterToMap.go:27.30,33.3 3 1
github.com/zokypesch/ceria/util/ConverterToMap.go:38.97,41.38 2 1
github.com/zokypesch/ceria/util/ConverterToMap.go:82.2,82.16 1 1
github.com/zokypesch/ceria/util/ConverterToMap.go:42.34,45.50 2 1
github.com/zokypesch/ceria/util/ConverterToMap.go:51.3,51.32 1 1
github.com/zokypesch/ceria/util/ConverterToMap.go:45.50,47.4 1 1
github.com/zokypesch/ceria/util/ConverterToMap.go:47.9,47.59 1 1
github.com/zokypesch/ceria/util/ConverterToMap.go:47.59,49.4 1 1
github.com/zokypesch/ceria/util/ConverterToMap.go:51.32,79.4 3 1
github.com/zokypesch/ceria/util/ConverterToMap.go:86.75,94.8 4 1
github.com/zokypesch/ceria/util/ConverterToMap.go:100.2,100.18 1 1
github.com/zokypesch/ceria/util/ConverterToMap.go:131.2,131.13 1 1
github.com/zokypesch/ceria/util/ConverterToMap.go:94.8,96.3 1 1
github.com/zokypesch/ceria/util/ConverterToMap.go:96.8,98.3 1 1
github.com/zokypesch/ceria/util/ConverterToMap.go:101.14,102.20 1 1
github.com/zokypesch/ceria/util/ConverterToMap.go:103.25,104.31 1 1
github.com/zokypesch/ceria/util/ConverterToMap.go:105.12,108.41 3 1
github.com/zokypesch/ceria/util/ConverterToMap.go:109.17,111.23 2 1
github.com/zokypesch/ceria/util/ConverterToMap.go:112.18,114.18 2 1
github.com/zokypesch/ceria/util/ConverterToMap.go:119.10,120.49 1 1
github.com/zokypesch/ceria/util/ConverterToMap.go:124.3,124.50 1 1
github.com/zokypesch/ceria/util/ConverterToMap.go:128.3,128.36 1 1
github.com/zokypesch/ceria/util/ConverterToMap.go:114.18,116.4 1 1
github.com/zokypesch/ceria/util/ConverterToMap.go:116.9,116.25 1 1
github.com/zokypesch/ceria/util/ConverterToMap.go:116.25,118.4 1 1
github.com/zokypesch/ceria/util/ConverterToMap.go:120.49,123.4 2 1
github.com/zokypesch/ceria/util/ConverterToMap.go:124.50,126.4 1 0
github.com/zokypesch/ceria/util/ConverterToMap.go:135.86,140.40 3 1
github.com/zokypesch/ceria/util/ConverterToMap.go:144.2,144.13 1 1
github.com/zokypesch/ceria/util/ConverterToMap.go:140.40,142.3 1 1
github.com/zokypesch/ceria/util/ConverterToMap.go:149.99,154.43 3 1
github.com/zokypesch/ceria/util/ConverterToMap.go:168.2,170.40 2 1
github.com/zokypesch/ceria/util/ConverterToMap.go:227.2,227.12 1 1
github.com/zokypesch/ceria/util/ConverterToMap.go:155.19,156.44 1 1
github.com/zokypesch/ceria/util/ConverterToMap.go:157.22,158.37 1 1
github.com/zokypesch/ceria/util/ConverterToMap.go:161.10,162.13 1 1
github.com/zokypesch/ceria/util/ConverterToMap.go:170.40,175.28 3 1
github.com/zokypesch/ceria/util/ConverterToMap.go:176.36,182.81 2 1
github.com/zokypesch/ceria/util/ConverterToMap.go:192.4,192.32 1 1
github.com/zokypesch/ceria/util/ConverterToMap.go:194.22,197.42 2 1
github.com/zokypesch/ceria/util/ConverterToMap.go:208.4,208.29 1 1
github.com/zokypesch/ceria/util/ConverterToMap.go:209.20,211.43 2 1
github.com/zokypesch/ceria/util/ConverterToMap.go:215.4,215.27 1 1
github.com/zokypesch/ceria/util/ConverterToMap.go:216.11,217.33 1 1
github.com/zokypesch/ceria/util/ConverterToMap.go:182.81,185.50 2 1
github.com/zokypesch/ceria/util/ConverterToMap.go:190.5,190.13 1 1
github.com/zokypesch/ceria/util/ConverterToMap.go:185.50,188.6 2 1
github.com/zokypesch/ceria/util/ConverterToMap.go:197.42,200.36 2 1
github.com/zokypesch/ceria/util/ConverterToMap.go:205.5,205.47 1 1
github.com/zokypesch/ceria/util/ConverterToMap.go:200.36,202.14 2 1
github.com/zokypesch/ceria/util/ConverterToMap.go:211.43,214.5 2 1
github.com/zokypesch/ceria/util/ConverterToMap.go:217.33,219.5 1 1
github.com/zokypesch/ceria/util/ConverterToMap.go:219.10,221.5 1 1
github.com/zokypesch/ceria/util/ConverterToMap.go:231.78,234.115 2 1
github.com/zokypesch/ceria/util/ConverterToMap.go:238.2,239.31 2 1
github.com/zokypesch/ceria/util/ConverterToMap.go:245.2,245.34 1 1
github.com/zokypesch/ceria/util/ConverterToMap.go:250.2,252.38 2 1
github.com/zokypesch/ceria/util/ConverterToMap.go:265.2,265.15 1 1
github.com/zokypesch/ceria/util/ConverterToMap.go:234.115,236.3 1 1
github.com/zokypesch/ceria/util/ConverterToMap.go:239.31,242.3 2 1
github.com/zokypesch/ceria/util/ConverterToMap.go:245.34,247.3 1 1
github.com/zokypesch/ceria/util/ConverterToMap.go:252.38,257.19 4 1
github.com/zokypesch/ceria/util/ConverterToMap.go:257.19,260.4 1 1
github.com/zokypesch/ceria/util/ConverterToMap.go:260.9,262.4 1 0
github.com/zokypesch/ceria/util/ConverterToMap.go:269.100,276.31 5 1
github.com/zokypesch/ceria/util/ConverterToMap.go:280.2,281.34 2 1
github.com/zokypesch/ceria/util/ConverterToMap.go:286.2,286.16 1 1
github.com/zokypesch/ceria/util/ConverterToMap.go:276.31,278.3 1 1
github.com/zokypesch/ceria/util/ConverterToMap.go:281.34,284.3 2 1
github.com/zokypesch/ceria/util/ConverterToMap.go:290.75,299.51 4 1
github.com/zokypesch/ceria/util/ConverterToMap.go:306.2,314.22 4 1
github.com/zokypesch/ceria/util/ConverterToMap.go:299.51,301.3 1 1
github.com/zokypesch/ceria/util/ConverterToMap.go:318.78,323.49 3 1
github.com/zokypesch/ceria/util/ConverterToMap.go:327.2,330.13 3 1
github.com/zokypesch/ceria/util/ConverterToMap.go:341.2,341.37 1 1
github.com/zokypesch/ceria/util/ConverterToMap.go:358.2,360.18 2 1
github.com/zokypesch/ceria/util/ConverterToMap.go:364.2,364.12 1 1
github.com/zokypesch/ceria/util/ConverterToMap.go:323.49,325.3 1 1
github.com/zokypesch/ceria/util/ConverterToMap.go:331.19,333.38 2 1
github.com/zokypesch/ceria/util/ConverterToMap.go:334.22,336.31 2 1
github.com/zokypesch/ceria/util/ConverterToMap.go:341.37,347.57 4 1
github.com/zokypesch/ceria/util/ConverterToMap.go:347.57,354.4 2 1
github.com/zokypesch/ceria/util/ConverterToMap.go:360.18,362.3 1 1
github.com/zokypesch/ceria/util/General.go:20.40,21.20 1 1
github.com/zokypesch/ceria/util/General.go:24.2,24.16 1 1
github.com/zokypesch/ceria/util/General.go:21.20,23.3 1 1
github.com/zokypesch/ceria/util/General.go:28.96,33.54 3 1
github.com/zokypesch/ceria/util/General.go:37.2,37.38 1 1
github.com/zokypesch/ceria/util/General.go:50.2,50.8 1 1
github.com/zokypesch/ceria/util/General.go:33.54,35.3 1 1
github.com/zokypesch/ceria/util/General.go:38.21,41.32 2 1
github.com/zokypesch/ceria/util/General.go:41.32,42.62 1 1
github.com/zokypesch/ceria/util/General.go:42.62,46.5 3 1
github.com/zokypesch/ceria/util/StructValue.go:27.43,28.19 1 1
github.com/zokypesch/ceria/util/StructValue.go:31.2,31.15 1 1
github.com/zokypesch/ceria/util/StructValue.go:28.19,30.3 1 1
github.com/zokypesch/ceria/util/StructValue.go:35.63,41.17 4 1
github.com/zokypesch/ceria/util/StructValue.go:53.2,53.35 1 1
github.com/zokypesch/ceria/util/StructValue.go:57.2,57.40 1 1
github.com/zokypesch/ceria/util/StructValue.go:42.22,44.29 2 0
github.com/zokypesch/ceria/util/StructValue.go:46.19,48.36 2 1
github.com/zokypesch/ceria/util/StructValue.go:49.10,50.9 1 1
github.com/zokypesch/ceria/util/StructValue.go:53.35,55.3 1 0
github.com/zokypesch/ceria/util/StructValue.go:57.40,62.28 4 1
github.com/zokypesch/ceria/util/StructValue.go:63.20,66.55 3 1
github.com/zokypesch/ceria/util/StructValue.go:70.23,73.59 3 1
github.com/zokypesch/ceria/util/StructValue.go:66.55,69.5 2 1
github.com/zokypesch/ceria/util/StructValue.go:73.59,75.5 1 1
github.com/zokypesch/ceria/util/StructValue.go:82.64,86.20 3 1
github.com/zokypesch/ceria/util/StructValue.go:93.2,93.19 1 1
github.com/zokypesch/ceria/util/StructValue.go:87.22,88.26 1 1
github.com/zokypesch/ceria/util/StructValue.go:89.19,90.33 1 1
github.com/zokypesch/ceria/util/StructValue.go:97.65,103.24 4 1
github.com/zokypesch/ceria/util/StructValue.go:107.2,109.17 2 1
github.com/zokypesch/ceria/util/StructValue.go:103.24,105.3 1 1
github.com/zokypesch/ceria/util/StructValue.go:113.120,117.37 2 1
github.com/zokypesch/ceria/util/StructValue.go:126.2,137.38 4 1
github.com/zokypesch/ceria/util/StructValue.go:191.2,194.16 3 1
github.com/zokypesch/ceria/util/StructValue.go:198.2,198.31 1 1
github.com/zokypesch/ceria/util/StructValue.go:205.2,205.37 1 1
github.com/zokypesch/ceria/util/StructValue.go:118.19,119.36 1 1
github.com/zokypesch/ceria/util/StructValue.go:120.22,121.29 1 0
github.com/zokypesch/ceria/util/StructValue.go:122.10,123.41 1 1
github.com/zokypesch/ceria/util/StructValue.go:137.38,142.71 4 1
github.com/zokypesch/ceria/util/StructValue.go:146.3,149.19 3 1
github.com/zokypesch/ceria/util/StructValue.go:153.3,153.15 1 1
github.com/zokypesch/ceria/util/StructValue.go:157.3,158.76 1 1
github.com/zokypesch/ceria/util/StructValue.go:178.3,178.50 1 1
github.com/zokypesch/ceria/util/StructValue.go:182.3,188.37 3 1
github.com/zokypesch/ceria/util/StructValue.go:142.71,143.12 1 1
github.com/zokypesch/ceria/util/StructValue.go:149.19,151.4 1 1
github.com/zokypesch/ceria/util/StructValue.go:153.15,154.12 1 1
github.com/zokypesch/ceria/util/StructValue.go:158.76,160.47 1 1
github.com/zokypesch/ceria/util/StructValue.go:175.4,175.12 1 1
github.com/zokypesch/ceria/util/StructValue.go:160.47,164.52 3 1
github.com/zokypesch/ceria/util/StructValue.go:168.5,173.37 3 1
github.com/zokypesch/ceria/util/StructValue.go:164.52,166.6 1 0
github.com/zokypesch/ceria/util/StructValue.go:178.50,180.4 1 1
github.com/zokypesch/ceria/util/StructValue.go:194.16,196.3 1 0
github.com/zokypesch/ceria/util/StructValue.go:198.31,199.76 1 1
github.com/zokypesch/ceria/util/StructValue.go:199.76,201.12 2 1
github.com/zokypesch/ceria/util/Validator.go:21.46,26.2 2 1
github.com/zokypesch/ceria/util/Validator.go:29.55,34.2 1 1
github.com/zokypesch/ceria/repository/MasterModelRepository.go:56.99,64.15 4 1
github.com/zokypesch/ceria/repository/MasterModelRepository.go:68.2,68.29 1 1
github.com/zokypesch/ceria/repository/MasterModelRepository.go:72.2,80.3 2 1
github.com/zokypesch/ceria/repository/MasterModelRepository.go:64.15,66.3 1 1
github.com/zokypesch/ceria/repository/MasterModelRepository.go:68.29,70.3 1 1
github.com/zokypesch/ceria/repository/MasterModelRepository.go:84.101,96.51 8 1
github.com/zokypesch/ceria/repository/MasterModelRepository.go:100.2,100.26 1 1
github.com/zokypesch/ceria/repository/MasterModelRepository.go:109.2,111.27 2 1
github.com/zokypesch/ceria/repository/MasterModelRepository.go:96.51,98.3 1 1
github.com/zokypesch/ceria/repository/MasterModelRepository.go:100.26,105.3 3 1
github.com/zokypesch/ceria/repository/MasterModelRepository.go:105.8,107.3 1 1
github.com/zokypesch/ceria/repository/MasterModelRepository.go:115.85,124.16 5 1
github.com/zokypesch/ceria/repository/MasterModelRepository.go:129.2,136.8 6 1
github.com/zokypesch/ceria/repository/MasterModelRepository.go:140.2,143.25 3 1
github.com/zokypesch/ceria/repository/MasterModelRepository.go:147.2,148.18 2 1
github.com/zokypesch/ceria/repository/MasterModelRepository.go:157.2,157.35 1 1
github.com/zokypesch/ceria/repository/MasterModelRepository.go:161.2,161.24 1 1
github.com/zokypesch/ceria/repository/MasterModelRepository.go:124.16,126.3 1 1
github.com/zokypesch/ceria/repository/MasterModelRepository.go:136.8,139.3 2 1
github.com/zokypesch/ceria/repository/MasterModelRepository.go:143.25,145.3 1 1
github.com/zokypesch/ceria/repository/MasterModelRepository.go:148.18,149.49 1 1
github.com/zokypesch/ceria/repository/MasterModelRepository.go:153.3,154.25 2 1
github.com/zokypesch/ceria/repository/MasterModelRepository.go:149.49,151.4 1 1
github.com/zokypesch/ceria/repository/MasterModelRepository.go:157.35,159.3 1 0
github.com/zokypesch/ceria/repository/MasterModelRepository.go:166.75,177.126 9 1
github.com/zokypesch/ceria/repository/MasterModelRepository.go:183.2,183.31 1 1
github.com/zokypesch/ceria/repository/MasterModelRepository.go:187.2,190.16 3 1
github.com/zokypesch/ceria/repository/MasterModelRepository.go:194.2,198.94 3 1
github.com/zokypesch/ceria/repository/MasterModelRepository.go:202.2,208.9 4 1
github.com/zokypesch/ceria/repository/MasterModelRepository.go:212.2,214.16 2 1
github.com/zokypesch/ceria/repository/MasterModelRepository.go:219.2,219.22 1 1
github.com/zokypesch/ceria/repository/MasterModelRepository.go:223.2,223.21 1 1
github.com/zokypesch/ceria/repository/MasterModelRepository.go:177.126,181.3 2 1
github.com/zokypesch/ceria/repository/MasterModelRepository.go:183.31,185.3 1 1
github.com/zokypesch/ceria/repository/MasterModelRepository.go:190.16,192.3 1 1
github.com/zokypesch/ceria/repository/MasterModelRepository.go:198.94,200.3 1 0
github.com/zokypesch/ceria/repository/MasterModelRepository.go:208.9,210.3 1 0
github.com/zokypesch/ceria/repository/MasterModelRepository.go:214.16,216.3 1 0
github.com/zokypesch/ceria/repository/MasterModelRepository.go:219.22,221.3 1 1
github.com/zokypesch/ceria/repository/MasterModelRepository.go:227.107,228.43 1 1
github.com/zokypesch/ceria/repository/MasterModelRepository.go:232.2,239.41 5 1
github.com/zokypesch/ceria/repository/MasterModelRepository.go:258.2,258.17 1 1
github.com/zokypesch/ceria/repository/MasterModelRepository.go:228.43,230.3 1 1
github.com/zokypesch/ceria/repository/MasterModelRepository.go:239.41,243.41 3 1
github.com/zokypesch/ceria/repository/MasterModelRepository.go:243.41,255.4 5 1
github.com/zokypesch/ceria/repository/MasterModelRepository.go:262.80,266.38 3 1
github.com/zokypesch/ceria/repository/MasterModelRepository.go:318.2,318.17 1 1
github.com/zokypesch/ceria/repository/MasterModelRepository.go:267.34,270.50 2 1
github.com/zokypesch/ceria/repository/MasterModelRepository.go:276.3,277.16 2 1
github.com/zokypesch/ceria/repository/MasterModelRepository.go:283.3,285.32 2 1
github.com/zokypesch/ceria/repository/MasterModelRepository.go:305.3,305.19 1 1
github.com/zokypesch/ceria/repository/MasterModelRepository.go:308.3,310.17 2 1
github.com/zokypesch/ceria/repository/MasterModelRepository.go:312.10,315.4 1 0
github.com/zokypesch/ceria/repository/MasterModelRepository.go:270.50,272.4 1 1
github.com/zokypesch/ceria/repository/MasterModelRepository.go:272.9,272.59 1 1
github.com/zokypesch/ceria/repository/MasterModelRepository.go:272.59,274.4 1 1
github.com/zokypesch/ceria/repository/MasterModelRepository.go:277.16,278.32 1 1
github.com/zokypesch/ceria/repository/MasterModelRepository.go:278.32,280.5 1 0
github.com/zokypesch/ceria/repository/MasterModelRepository.go:285.32,289.35 3 1
github.com/zokypesch/ceria/repository/MasterModelRepository.go:297.4,298.14 2 1
github.com/zokypesch/ceria/repository/MasterModelRepository.go:301.4,301.17 1 1
github.com/zokypesch/ceria/repository/MasterModelRepository.go:289.35,294.5 3 1
github.com/zokypesch/ceria/repository/MasterModelRepository.go:298.14,300.5 1 1
github.com/zokypesch/ceria/repository/MasterModelRepository.go:301.17,303.5 1 1
github.com/zokypesch/ceria/repository/MasterModelRepository.go:305.19,307.4 1 1
github.com/zokypesch/ceria/repository/MasterModelRepository.go:322.78,324.25 1 1
github.com/zokypesch/ceria/repository/MasterModelRepository.go:328.2,330.21 2 1
github.com/zokypesch/ceria/repository/MasterModelRepository.go:334.2,344.43 7 1
github.com/zokypesch/ceria/repository/MasterModelRepository.go:362.2,362.23 1 1
github.com/zokypesch/ceria/repository/MasterModelRepository.go:366.2,366.19 1 1
github.com/zokypesch/ceria/repository/MasterModelRepository.go:324.25,326.3 1 1
github.com/zokypesch/ceria/repository/MasterModelRepository.go:330.21,332.3 1 1
github.com/zokypesch/ceria/repository/MasterModelRepository.go:344.43,346.41 2 1
github.com/zokypesch/ceria/repository/MasterModelRepository.go:346.41,359.4 5 1
github.com/zokypesch/ceria/repository/MasterModelRepository.go:362.23,364.3 1 0
github.com/zokypesch/ceria/repository/MasterModelRepository.go:370.86,374.25 2 1
github.com/zokypesch/ceria/repository/MasterModelRepository.go:379.2,381.15 3 1
github.com/zokypesch/ceria/repository/MasterModelRepository.go:387.2,387.30 1 1
github.com/zokypesch/ceria/repository/MasterModelRepository.go:394.2,394.18 1 1
github.com/zokypesch/ceria/repository/MasterModelRepository.go:398.2,400.12 3 1
github.com/zokypesch/ceria/repository/MasterModelRepository.go:374.25,377.3 2 1
github.com/zokypesch/ceria/repository/MasterModelRepository.go:381.15,382.31 1 1
github.com/zokypesch/ceria/repository/MasterModelRepository.go:382.31,384.4 1 0
github.com/zokypesch/ceria/repository/MasterModelRepository.go:387.30,389.16 2 1
github.com/zokypesch/ceria/repository/MasterModelRepository.go:389.16,391.4 1 1
github.com/zokypesch/ceria/repository/MasterModelRepository.go:394.18,396.3 1 1
github.com/zokypesch/ceria/repository/MasterModelRepository.go:404.109,408.20 2 1
github.com/zokypesch/ceria/repository/MasterModelRepository.go:412.2,419.22 5 1
github.com/zokypesch/ceria/repository/MasterModelRepository.go:408.20,410.3 1 1
github.com/zokypesch/ceria/repository/MasterModelRepository.go:423.83,425.27 2 1
github.com/zokypesch/ceria/repository/MasterModelRepository.go:428.2,428.14 1 1
github.com/zokypesch/ceria/repository/MasterModelRepository.go:425.27,427.3 1 1
github.com/zokypesch/ceria/repository/MasterModelRepository.go:432.110,438.22 5 1
github.com/zokypesch/ceria/repository/MasterModelRepository.go:442.2,442.27 1 1
github.com/zokypesch/ceria/repository/MasterModelRepository.go:471.2,471.27 1 1
github.com/zokypesch/ceria/repository/MasterModelRepository.go:477.2,477.23 1 1
github.com/zokypesch/ceria/repository/MasterModelRepository.go:438.22,440.3 1 1
github.com/zokypesch/ceria/repository/MasterModelRepository.go:442.27,449.13 5 1
github.com/zokypesch/ceria/repository/MasterModelRepository.go:452.3,455.12 3 1
github.com/zokypesch/ceria/repository/MasterModelRepository.go:461.3,463.22 2 1
github.com/zokypesch/ceria/repository/MasterModelRepository.go:449.13,450.12 1 1
github.com/zokypesch/ceria/repository/MasterModelRepository.go:455.12,458.12 3 1
github.com/zokypesch/ceria/repository/MasterModelRepository.go:463.22,465.4 1 1
github.com/zokypesch/ceria/repository/MasterModelRepository.go:465.9,465.32 1 1
github.com/zokypesch/ceria/repository/MasterModelRepository.go:465.32,467.4 1 1
github.com/zokypesch/ceria/repository/MasterModelRepository.go:471.27,473.3 1 1
github.com/zokypesch/ceria/repository/MasterModelRepository.go:473.8,475.3 1 1
github.com/zokypesch/ceria/repository/MasterModelRepository.go:481.69,484.35 2 1
github.com/zokypesch/ceria/repository/MasterModelRepository.go:492.2,492.12 1 1
github.com/zokypesch/ceria/repository/MasterModelRepository.go:485.15,486.12 1 1
github.com/zokypesch/ceria/repository/MasterModelRepository.go:487.14,488.15 1 1
github.com/zokypesch/ceria/repository/MasterModelRepository.go:489.10,490.15 1 1
github.com/zokypesch/ceria/repository/RouteHandler.go:32.97,39.2 1 1
github.com/zokypesch/ceria/repository/RouteHandler.go:42.44,43.34 1 1
github.com/zokypesch/ceria/repository/RouteHandler.go:46.2,46.39 1 1
github.com/zokypesch/ceria/repository/RouteHandler.go:43.34,45.3 1 1
github.com/zokypesch/ceria/repository/RouteHandler.go:46.39,48.3 1 1
github.com/zokypesch/ceria/repository/RouteHandler.go:52.103,54.34 2 1
github.com/zokypesch/ceria/repository/RouteHandler.go:57.2,58.2 2 1
github.com/zokypesch/ceria/repository/RouteHandler.go:54.34,56.3 1 1
github.com/zokypesch/ceria/repository/RouteHandler.go:58.2,59.40 1 1
github.com/zokypesch/ceria/repository/RouteHandler.go:59.40,61.4 1 1
github.com/zokypesch/ceria/repository/RouteHandler.go:66.93,67.29 1 1
github.com/zokypesch/ceria/repository/RouteHandler.go:70.2,70.13 1 1
github.com/zokypesch/ceria/repository/RouteHandler.go:67.29,69.3 1 1
github.com/zokypesch/ceria/repository/RouteHandler.go:71.13,72.26 1 1
github.com/zokypesch/ceria/repository/RouteHandler.go:73.14,74.27 1 1
github.com/zokypesch/ceria/repository/RouteHandler.go:75.13,76.26 1 1
github.com/zokypesch/ceria/repository/RouteHandler.go:77.16,78.29 1 1
github.com/zokypesch/ceria/repository/RouteHandler.go:83.124,84.29 1 1
github.com/zokypesch/ceria/repository/RouteHandler.go:87.2,87.13 1 1
github.com/zokypesch/ceria/repository/RouteHandler.go:84.29,86.3 1 1
github.com/zokypesch/ceria/repository/RouteHandler.go:88.13,89.20 1 1
github.com/zokypesch/ceria/repository/RouteHandler.go:90.14,91.21 1 1
github.com/zokypesch/ceria/repository/RouteHandler.go:92.13,93.20 1 1
github.com/zokypesch/ceria/repository/RouteHandler.go:94.16,95.23 1 1
github.com/zokypesch/ceria/repository/RouteHandler.go:100.72,101.39 1 1
github.com/zokypesch/ceria/repository/RouteHandler.go:105.2,108.39 3 1
github.com/zokypesch/ceria/repository/RouteHandler.go:114.2,115.12 2 1
github.com/zokypesch/ceria/repository/RouteHandler.go:101.39,103.3 1 1
github.com/zokypesch/ceria/repository/RouteHandler.go:108.39,110.13 2 1
github.com/zokypesch/ceria/repository/RouteHandler.go:110.13,112.4 1 1
github.com/zokypesch/ceria/repository/RouteHandler.go:119.75,134.2 4 1
github.com/zokypesch/ceria/repository/RouteHandler.go:137.61,142.36 4 1
github.com/zokypesch/ceria/repository/RouteHandler.go:180.2,182.16 2 1
github.com/zokypesch/ceria/repository/RouteHandler.go:187.2,187.36 1 1
github.com/zokypesch/ceria/repository/RouteHandler.go:191.2,191.48 1 0
github.com/zokypesch/ceria/repository/RouteHandler.go:142.36,150.35 5 1
github.com/zokypesch/ceria/repository/RouteHandler.go:164.3,167.21 3 1
github.com/zokypesch/ceria/repository/RouteHandler.go:171.3,171.22 1 1
github.com/zokypesch/ceria/repository/RouteHandler.go:175.3,178.40 4 1
github.com/zokypesch/ceria/repository/RouteHandler.go:150.35,152.26 2 1
github.com/zokypesch/ceria/repository/RouteHandler.go:156.4,157.63 2 1
github.com/zokypesch/ceria/repository/RouteHandler.go:161.4,161.128 1 1
github.com/zokypesch/ceria/repository/RouteHandler.go:152.26,153.13 1 1
github.com/zokypesch/ceria/repository/RouteHandler.go:157.63,159.5 1 1
github.com/zokypesch/ceria/repository/RouteHandler.go:167.21,169.4 1 1
github.com/zokypesch/ceria/repository/RouteHandler.go:171.22,173.4 1 1
github.com/zokypesch/ceria/repository/RouteHandler.go:182.16,185.3 2 0
github.com/zokypesch/ceria/repository/RouteHandler.go:187.36,190.3 2 1
github.com/zokypesch/ceria/repository/RouteHandler.go:195.61,200.19 3 1
github.com/zokypesch/ceria/repository/RouteHandler.go:205.2,207.16 2 1
github.com/zokypesch/ceria/repository/RouteHandler.go:212.2,212.52 1 1
github.com/zokypesch/ceria/repository/RouteHandler.go:200.19,203.3 2 1
github.com/zokypesch/ceria/repository/RouteHandler.go:207.16,210.3 2 0
github.com/zokypesch/ceria/repository/RouteHandler.go:216.61,220.44 2 1
github.com/zokypesch/ceria/repository/RouteHandler.go:225.2,232.19 4 1
github.com/zokypesch/ceria/repository/RouteHandler.go:237.2,237.27 1 1
github.com/zokypesch/ceria/repository/RouteHandler.go:242.2,243.16 2 1
github.com/zokypesch/ceria/repository/RouteHandler.go:248.2,248.50 1 1
github.com/zokypesch/ceria/repository/RouteHandler.go:220.44,223.3 2 1
github.com/zokypesch/ceria/repository/RouteHandler.go:232.19,235.3 2 1
github.com/zokypesch/ceria/repository/RouteHandler.go:237.27,240.3 2 1
github.com/zokypesch/ceria/repository/RouteHandler.go:243.16,246.3 2 0
github.com/zokypesch/ceria/repository/RouteHandler.go:253.61,257.44 2 1
github.com/zokypesch/ceria/repository/RouteHandler.go:262.2,264.16 2 1
github.com/zokypesch/ceria/repository/RouteHandler.go:269.2,269.47 1 1
github.com/zokypesch/ceria/repository/RouteHandler.go:257.44,260.3 2 1
github.com/zokypesch/ceria/repository/RouteHandler.go:264.16,267.3 2 0
github.com/zokypesch/ceria/repository/RouteHandler.go:273.65,280.19 4 1
github.com/zokypesch/ceria/repository/RouteHandler.go:284.2,286.18 2 1
github.com/zokypesch/ceria/repository/RouteHandler.go:291.2,291.47 1 1
github.com/zokypesch/ceria/repository/RouteHandler.go:280.19,283.3 2 1
github.com/zokypesch/ceria/repository/RouteHandler.go:286.18,289.3 2 0
github.com/zokypesch/ceria/repository/RouteHandler.go:295.65,305.19 4 1
github.com/zokypesch/ceria/repository/RouteHandler.go:310.2,310.27 1 1
github.com/zokypesch/ceria/repository/RouteHandler.go:315.2,316.18 2 1
github.com/zokypesch/ceria/repository/RouteHandler.go:321.2,321.50 1 1
github.com/zokypesch/ceria/repository/RouteHandler.go:305.19,308.3 2 1
github.com/zokypesch/ceria/repository/RouteHandler.go:310.27,313.3 2 1
github.com/zokypesch/ceria/repository/RouteHandler.go:316.18,319.3 2 0
github.com/zokypesch/ceria/repository/RouteHandler.go:326.69,335.19 4 1
github.com/zokypesch/ceria/repository/RouteHandler.go:340.2,340.32 1 1
github.com/zokypesch/ceria/repository/RouteHandler.go:345.2,347.16 2 1
github.com/zokypesch/ceria/repository/RouteHandler.go:352.2,352.48 1 1
github.com/zokypesch/ceria/repository/RouteHandler.go:335.19,338.3 2 1
github.com/zokypesch/ceria/repository/RouteHandler.go:340.32,343.3 2 1
github.com/zokypesch/ceria/repository/RouteHandler.go:347.16,350.3 2 0
github.com/zokypesch/ceria/route/route.go:26.68,27.27 1 1
github.com/zokypesch/ceria/route/route.go:34.2,34.12 1 1
github.com/zokypesch/ceria/route/route.go:27.27,32.3 1 1
github.com/zokypesch/ceria/route/route.go:39.52,40.19 1 1
github.com/zokypesch/ceria/route/route.go:44.2,44.12 1 1
github.com/zokypesch/ceria/route/route.go:40.19,43.3 2 1
github.com/zokypesch/ceria/route/route.go:48.71,52.20 3 1
github.com/zokypesch/ceria/route/route.go:56.2,56.19 1 1
github.com/zokypesch/ceria/route/route.go:60.2,60.22 1 1
github.com/zokypesch/ceria/route/route.go:64.2,68.18 4 1
github.com/zokypesch/ceria/route/route.go:72.2,72.26 1 1
github.com/zokypesch/ceria/route/route.go:52.20,54.3 1 1
github.com/zokypesch/ceria/route/route.go:56.19,58.3 1 1
github.com/zokypesch/ceria/route/route.go:60.22,62.3 1 1
github.com/zokypesch/ceria/route/route.go:68.18,70.3 1 1
github.com/zokypesch/ceria/core/TestConn.go:11.35,20.2 4 1
github.com/zokypesch/ceria/core/TestConn.go:23.37,31.2 4 1
github.com/zokypesch/ceria/core/Conn.go:26.53,34.2 3 1
github.com/zokypesch/ceria/core/Conn.go:37.101,46.2 1 1
github.com/zokypesch/ceria/core/Elastic.go:32.87,37.16 4 1
github.com/zokypesch/ceria/core/Elastic.go:41.2,45.8 1 1
github.com/zokypesch/ceria/core/Elastic.go:37.16,39.3 1 1
github.com/zokypesch/ceria/core/Elastic.go:49.91,54.76 3 1
github.com/zokypesch/ceria/core/Elastic.go:58.2,60.16 2 1
github.com/zokypesch/ceria/core/Elastic.go:64.2,65.16 2 1
github.com/zokypesch/ceria/core/Elastic.go:70.2,70.13 1 1
github.com/zokypesch/ceria/core/Elastic.go:81.2,81.20 1 1
github.com/zokypesch/ceria/core/Elastic.go:54.76,56.3 1 1
github.com/zokypesch/ceria/core/Elastic.go:60.16,62.3 1 1
github.com/zokypesch/ceria/core/Elastic.go:65.16,68.3 1 0
github.com/zokypesch/ceria/core/Elastic.go:70.13,79.3 1 1
github.com/zokypesch/ceria/core/Elastic.go:85.84,89.32 2 1
github.com/zokypesch/ceria/core/Elastic.go:93.2,101.16 2 1
github.com/zokypesch/ceria/core/Elastic.go:106.2,106.12 1 1
github.com/zokypesch/ceria/core/Elastic.go:89.32,91.3 1 1
github.com/zokypesch/ceria/core/Elastic.go:101.16,104.3 1 0
github.com/zokypesch/ceria/core/Elastic.go:111.85,114.32 2 1
github.com/zokypesch/ceria/core/Elastic.go:118.2,126.16 2 1
github.com/zokypesch/ceria/core/Elastic.go:131.2,131.12 1 1
github.com/zokypesch/ceria/core/Elastic.go:114.32,116.3 1 1
github.com/zokypesch/ceria/core/Elastic.go:126.16,129.3 1 0
github.com/zokypesch/ceria/core/Elastic.go:135.65,137.14 1 1
github.com/zokypesch/ceria/core/Elastic.go:141.2,143.12 2 1
github.com/zokypesch/ceria/core/Elastic.go:137.14,139.3 1 1
github.com/zokypesch/ceria/core/Elastic.go:148.53,152.16 2 1
github.com/zokypesch/ceria/core/Elastic.go:157.2,157.12 1 1
github.com/zokypesch/ceria/core/Elastic.go:152.16,155.3 1 1
github.com/zokypesch/ceria/core/Elastic.go:161.104,164.37 2 1
github.com/zokypesch/ceria/core/Elastic.go:173.2,176.40 3 1
github.com/zokypesch/ceria/core/Elastic.go:213.2,221.12 3 1
github.com/zokypesch/ceria/core/Elastic.go:225.2,229.12 3 1
github.com/zokypesch/ceria/core/Elastic.go:165.19,166.38 1 1
github.com/zokypesch/ceria/core/Elastic.go:167.22,168.31 1 0
github.com/zokypesch/ceria/core/Elastic.go:169.10,170.13 1 1
github.com/zokypesch/ceria/core/Elastic.go:176.40,180.108 3 1
github.com/zokypesch/ceria/core/Elastic.go:184.3,184.28 1 1
github.com/zokypesch/ceria/core/Elastic.go:180.108,181.12 1 1
github.com/zokypesch/ceria/core/Elastic.go:185.22,186.42 1 1
github.com/zokypesch/ceria/core/Elastic.go:192.4,192.46 1 1
github.com/zokypesch/ceria/core/Elastic.go:193.36,194.77 1 1
github.com/zokypesch/ceria/core/Elastic.go:197.4,199.40 2 1
github.com/zokypesch/ceria/core/Elastic.go:203.4,206.39 3 1
github.com/zokypesch/ceria/core/Elastic.go:208.11,209.12 1 1
github.com/zokypesch/ceria/core/Elastic.go:186.42,191.5 3 1
github.com/zokypesch/ceria/core/Elastic.go:194.77,195.13 1 0
github.com/zokypesch/ceria/core/Elastic.go:199.40,201.5 1 0
github.com/zokypesch/ceria/core/Elastic.go:221.12,223.3 1 1
github.com/zokypesch/ceria/core/Elastic.go:233.103,239.42 5 1
github.com/zokypesch/ceria/core/Elastic.go:243.2,243.71 1 1
github.com/zokypesch/ceria/core/Elastic.go:239.42,241.3 1 0
github.com/zokypesch/ceria/core/Elastic.go:247.84,258.2 2 1
github.com/zokypesch/ceria/core/Rabbit.go:33.72,40.16 4 1
github.com/zokypesch/ceria/core/Rabbit.go:44.2,47.20 3 1
github.com/zokypesch/ceria/core/Rabbit.go:51.2,68.17 5 1
github.com/zokypesch/ceria/core/Rabbit.go:76.2,81.8 1 1
github.com/zokypesch/ceria/core/Rabbit.go:40.16,42.3 1 1
github.com/zokypesch/ceria/core/Rabbit.go:47.20,49.3 1 1
github.com/zokypesch/ceria/core/Rabbit.go:68.17,70.3 1 0
github.com/zokypesch/ceria/core/Rabbit.go:85.72,93.16 2 1
github.com/zokypesch/ceria/core/Rabbit.go:97.2,107.24 2 1
github.com/zokypesch/ceria/core/Rabbit.go:93.16,95.3 1 0
github.com/zokypesch/ceria/core/Rabbit.go:111.60,113.16 1 1
github.com/zokypesch/ceria/core/Rabbit.go:117.2,128.12 2 1
github.com/zokypesch/ceria/core/Rabbit.go:113.16,115.3 1 1
github.com/zokypesch/ceria/core/Redis.go:25.72,26.22 1 1
github.com/zokypesch/ceria/core/Redis.go:36.2,36.23 1 1
github.com/zokypesch/ceria/core/Redis.go:26.22,28.17 2 1
github.com/zokypesch/ceria/core/Redis.go:32.3,34.4 1 1
github.com/zokypesch/ceria/core/Redis.go:28.17,30.4 1 1
github.com/zokypesch/ceria/core/Redis.go:40.99,42.48 1 1
github.com/zokypesch/ceria/core/Redis.go:46.2,48.21 2 1
github.com/zokypesch/ceria/core/Redis.go:51.2,51.12 1 1
github.com/zokypesch/ceria/core/Redis.go:42.48,44.3 1 1
github.com/zokypesch/ceria/core/Redis.go:48.21,50.3 1 0
github.com/zokypesch/ceria/core/Redis.go:55.68,57.28 1 1
github.com/zokypesch/ceria/core/Redis.go:61.2,63.21 2 1
github.com/zokypesch/ceria/core/Redis.go:66.2,66.12 1 1
github.com/zokypesch/ceria/core/Redis.go:57.28,59.3 1 1
github.com/zokypesch/ceria/core/Redis.go:63.21,65.3 1 0
github.com/zokypesch/ceria/core/Redis.go:70.89,72.43 1 1
github.com/zokypesch/ceria/core/Redis.go:76.2,79.18 2 1
github.com/zokypesch/ceria/core/Redis.go:72.43,74.3 1 1
github.com/zokypesch/ceria/core/Redis.go:83.89,89.2 2 1
